<?xml version="1.0" encoding="UTF-8"?>
<!-- Generated by org.testng.reporters.JUnitReportReporter -->
<testsuite hostname="IT-QE-MLBRIONES" failures="0" tests="1" name="testCase.StartChrome" time="0.089" errors="0" timestamp="26 Jul 2023 03:09:42 GMT" skipped="0">
  <testcase classname="testCase.StartChrome" name="Search" time="0.089"/>
</testsuite> <!-- testCase.StartChrome -->
