<?xml version="1.0" encoding="UTF-8"?>
<!-- Generated by org.testng.reporters.JUnitReportReporter -->
<testsuite hostname="IT-QE-MLBRIONES" failures="0" tests="1" name="testCase.StartChrome" time="0.112" errors="0" timestamp="2023-07-27T11:22:51 SGT" skipped="0">
  <testcase classname="testCase.StartChrome" name="Search" time="0.112"/>
  <system-out/>
</testsuite> <!-- testCase.StartChrome -->
